0 info it worked if it ends with ok
1 verbose cli [ '/usr/local/bin/node',
1 verbose cli   '/usr/local/bin/npm',
1 verbose cli   'install',
1 verbose cli   '--save-dev',
1 verbose cli   'gulp-ruby-sass' ]
2 info using npm@2.14.2
3 info using node@v4.0.0
4 verbose install initial load of /Users/andrew_bray/Documents/2_Project_Shed/Pearse_Projects/A_Patrick_Pearse_Film/_Development/Dev01/package.json
5 verbose stack Error: Invalid version: "0.10"
5 verbose stack     at Object.module.exports.fixVersionField (/usr/local/lib/node_modules/npm/node_modules/normalize-package-data/lib/fixer.js:186:13)
5 verbose stack     at /usr/local/lib/node_modules/npm/node_modules/normalize-package-data/lib/normalize.js:32:38
5 verbose stack     at Array.forEach (native)
5 verbose stack     at normalize (/usr/local/lib/node_modules/npm/node_modules/normalize-package-data/lib/normalize.js:31:15)
5 verbose stack     at final (/usr/local/lib/node_modules/npm/node_modules/read-package-json/read-json.js:338:5)
5 verbose stack     at then (/usr/local/lib/node_modules/npm/node_modules/read-package-json/read-json.js:113:5)
5 verbose stack     at /usr/local/lib/node_modules/npm/node_modules/read-package-json/read-json.js:300:12
5 verbose stack     at FSReqWrap.readFileAfterClose [as oncomplete] (evalmachine.<anonymous>:380:3)
6 verbose cwd /Users/andrew_bray/Documents/2_Project_Shed/Pearse_Projects/A_Patrick_Pearse_Film/_Development/Dev01
7 error Darwin 14.5.0
8 error argv "/usr/local/bin/node" "/usr/local/bin/npm" "install" "--save-dev" "gulp-ruby-sass"
9 error node v4.0.0
10 error npm  v2.14.2
11 error Invalid version: "0.10"
12 error If you need help, you may report this error at:
12 error     <https://github.com/npm/npm/issues>
13 verbose exit [ 1, true ]
